<?xml version="1.0" encoding="UTF-8"?>
<!-- Generated by org.testng.reporters.JUnitReportReporter -->
<testsuite hostname="chandrasheker" failures="0" tests="2" name="yahoomail.YahooTest" time="1.892" errors="0" timestamp="2024-11-16T00:06:14 IST" skipped="0">
  <testcase classname="yahoomail.YahooTest" name="Yahoo_Test1" time="1.890"/>
  <testcase classname="yahoomail.YahooTest" name="Yahoo_Test2" time="0.002"/>
</testsuite> <!-- yahoomail.YahooTest -->
