<?xml version="1.0" encoding="UTF-8"?>
<!-- Generated by org.testng.reporters.JUnitReportReporter -->
<testsuite hostname="chandrasheker" failures="0" tests="2" name="google.GoogleTest" time="1.625" errors="0" timestamp="2024-11-16T00:06:14 IST" skipped="0">
  <testcase classname="google.GoogleTest" name="Google_Test2" time="0.001"/>
  <testcase classname="google.GoogleTest" name="Google_Test1" time="1.624"/>
</testsuite> <!-- google.GoogleTest -->
